mode: set
github.com/unreal-kz/bookings/internal/render/render.go:23.40,25.2 1 1
github.com/unreal-kz/bookings/internal/render/render.go:27.84,33.2 5 1
github.com/unreal-kz/bookings/internal/render/render.go:35.105,38.18 2 1
github.com/unreal-kz/bookings/internal/render/render.go:38.18,41.3 1 0
github.com/unreal-kz/bookings/internal/render/render.go:41.8,43.3 1 1
github.com/unreal-kz/bookings/internal/render/render.go:46.2,47.9 2 1
github.com/unreal-kz/bookings/internal/render/render.go:47.9,50.3 1 1
github.com/unreal-kz/bookings/internal/render/render.go:52.2,60.16 5 1
github.com/unreal-kz/bookings/internal/render/render.go:60.16,63.3 2 0
github.com/unreal-kz/bookings/internal/render/render.go:64.2,64.12 1 1
github.com/unreal-kz/bookings/internal/render/render.go:67.67,71.16 3 1
github.com/unreal-kz/bookings/internal/render/render.go:71.16,73.3 1 0
github.com/unreal-kz/bookings/internal/render/render.go:75.2,75.29 1 1
github.com/unreal-kz/bookings/internal/render/render.go:75.29,78.17 3 1
github.com/unreal-kz/bookings/internal/render/render.go:78.17,80.4 1 0
github.com/unreal-kz/bookings/internal/render/render.go:81.3,82.17 2 1
github.com/unreal-kz/bookings/internal/render/render.go:82.17,84.4 1 0
github.com/unreal-kz/bookings/internal/render/render.go:85.3,85.23 1 1
github.com/unreal-kz/bookings/internal/render/render.go:85.23,87.18 2 1
github.com/unreal-kz/bookings/internal/render/render.go:87.18,89.5 1 0
github.com/unreal-kz/bookings/internal/render/render.go:91.3,91.21 1 1
github.com/unreal-kz/bookings/internal/render/render.go:93.2,93.21 1 1
