mode: set
github.com/unreal-kz/bookings/internal/forms/errors.go:5.44,7.2 1 1
github.com/unreal-kz/bookings/internal/forms/errors.go:9.42,11.18 2 1
github.com/unreal-kz/bookings/internal/forms/errors.go:11.18,13.3 1 1
github.com/unreal-kz/bookings/internal/forms/errors.go:14.2,14.14 1 1
github.com/unreal-kz/bookings/internal/forms/forms.go:16.33,21.2 1 1
github.com/unreal-kz/bookings/internal/forms/forms.go:23.29,25.2 1 1
github.com/unreal-kz/bookings/internal/forms/forms.go:27.43,28.31 1 1
github.com/unreal-kz/bookings/internal/forms/forms.go:28.31,30.37 2 1
github.com/unreal-kz/bookings/internal/forms/forms.go:30.37,32.4 1 1
github.com/unreal-kz/bookings/internal/forms/forms.go:36.39,38.13 2 1
github.com/unreal-kz/bookings/internal/forms/forms.go:38.13,40.3 1 1
github.com/unreal-kz/bookings/internal/forms/forms.go:41.2,41.13 1 1
github.com/unreal-kz/bookings/internal/forms/forms.go:45.57,47.21 2 1
github.com/unreal-kz/bookings/internal/forms/forms.go:47.21,50.3 2 1
github.com/unreal-kz/bookings/internal/forms/forms.go:51.2,51.13 1 1
github.com/unreal-kz/bookings/internal/forms/forms.go:54.38,55.40 1 1
github.com/unreal-kz/bookings/internal/forms/forms.go:55.40,58.3 1 1
